<?xml version="1.0" encoding="UTF-8"?>
<!-- Generated by org.testng.reporters.JUnitReportReporter -->
<testsuite hostname="Adithya" failures="0" tests="1" name="Basci.TC__Camper001Test" time="0.000" errors="0" timestamp="2023-02-01T09:47:37 IST" skipped="1">
  <testcase classname="Basci.TC__Camper001Test" name="working" time="0.000">
    <skipped/>
  </testcase> <!-- working -->
  <system-out/>
</testsuite> <!-- Basci.TC__Camper001Test -->
